<?xml version="1.0" encoding="UTF-8"?>
<!-- Generated by org.testng.reporters.JUnitReportReporter -->
<testsuite skipped="0" hostname="DESKTOP-23EKG3F" name="org.rough.TestngRough" tests="3" failures="0" timestamp="15 Aug 2023 11:36:55 GMT" time="0.026" errors="0">
  <testcase name="tco4" time="0.004" classname="org.rough.TestngRough"/>
  <testcase name="tco2" time="0.022" classname="org.rough.TestngRough"/>
  <testcase name="tco5" time="0.000" classname="org.rough.TestngRough"/>
</testsuite> <!-- org.rough.TestngRough -->
