<?xml version="1.0" encoding="UTF-8"?>
<!-- Generated by org.testng.reporters.JUnitReportReporter -->
<testsuite skipped="0" hostname="DESKTOP-23EKG3F" name="org.browser.AdcatinwithPomAndBaseClass" tests="5" failures="0" timestamp="16 Aug 2023 05:42:49 GMT" time="111.126" errors="0">
  <testcase name="pageOne" time="96.716" classname="org.browser.AdcatinwithPomAndBaseClass"/>
  <testcase name="pageThree" time="1.013" classname="org.browser.AdcatinwithPomAndBaseClass"/>
  <testcase name="pageFive" time="8.032" classname="org.browser.AdcatinwithPomAndBaseClass"/>
  <testcase name="pageTwo" time="3.635" classname="org.browser.AdcatinwithPomAndBaseClass"/>
  <testcase name="pageFour" time="1.730" classname="org.browser.AdcatinwithPomAndBaseClass"/>
</testsuite> <!-- org.browser.AdcatinwithPomAndBaseClass -->
